[bradpotterbaum-com.webflow.io/index.html]
[backblue.gif]
[fade.gif]
[index.html]
[cdn.prod.website-files.com/5ba0fce965cd1715eae9beb1/css/bradpotterbaum-com.webflow.98732ecd2.min.css]
[ajax.googleapis.com/ajax/libs/webfont/1.6.26/webfont.js]
[cdn.prod.website-files.com/5ba0fce965cd1715eae9beb1/5baa6b5edd67521c8cba23e7_Oval 2.png]
[cdn.prod.website-files.com/5ba0fce965cd1715eae9beb1/5baa6be3da526a718c5abe69_face.png]
[www.google-analytics.com/analytics.js]
[cdn.prod.website-files.com/5ba0fce965cd1715eae9beb1/5ba1014d83f4615e2b883563_Potterbaum Portfolio Site.png]
[cdn.prod.website-files.com/5ba0fce965cd1715eae9beb1/5ba1037965cd17555ae9c7d4_Design Director - Bradley Haynes-0.png]
[cdn.prod.website-files.com/5ba0fce965cd1715eae9beb1/5ba103796cf3f83611f772cc_Design Director - Bradley Haynes-1.png]
[cdn.prod.website-files.com/5ba0fce965cd1715eae9beb1/5ba103790777e76e94faefa4_Design Director - Bradley Haynes-2.png]
[cdn.prod.website-files.com/5ba0fce965cd1715eae9beb1/5bcdf99f1740e39a94bbbdc6_two iphone.jpg]
[cdn.prod.website-files.com/5ba0fce965cd1715eae9beb1/5bbd74eb5a659b08ed4a4174_Dest_combo.jpg]
[cdn.prod.website-files.com/5ba0fce965cd1715eae9beb1/5bbd0937f5a57958cbe99594_prosess_graphic.jpg]
[cdn.prod.website-files.com/5ba0fce965cd1715eae9beb1/5bbd1abff47509caa83aaa36_trips_phones.jpg]
[cdn.prod.website-files.com/5ba0fce965cd1715eae9beb1/5bbd1e4da62f7c8ec9573250_Profile images.jpg]
[cdn.prod.website-files.com/5ba0fce965cd1715eae9beb1/5bbd52e3d3792039254c5ab1_Guides combo.jpg]
[cdn.prod.website-files.com/5ba0fce965cd1715eae9beb1/5bbd5afc5a659bca944a3285_Accommodations.jpg]
[cdn.prod.website-files.com/5ba0fce965cd1715eae9beb1/5bbd5c6292b27a16905f099a_article.jpg]
[cdn.prod.website-files.com/5ba0fce965cd1715eae9beb1/5bbd676fa324f80d330027ef_search.jpg]
[d3e54v103j8qbb.cloudfront.net/js/jquery-3.5.1.min.dc5e7f18c89a0b.js]
[bradpotterbaum-com.webflow.io/index.html]
[cdn.prod.website-files.com/5ba0fce965cd1715eae9beb1/css/bradpotterbaum-com.webflow.98732ecd2.min.css]
[cdn.prod.website-files.com/5ba0fce965cd1715eae9beb1/js/webflow.5c9951508b224d5ef321bb6b47ae126a.js]
